<?xml version="1.0" encoding="UTF-8"?>
<testng-results ignored="0" total="6" passed="4" failed="2" skipped="0">
  <reporter-output>
  </reporter-output>
  <suite started-at="2020-04-28T17:18:12Z" name="First Suite" finished-at="2020-04-28T17:18:43Z" duration-ms="30482">
    <groups>
    </groups>
    <test started-at="2020-04-28T17:18:12Z" name="example.tests" finished-at="2020-04-28T17:18:30Z" duration-ms="17464">
      <class name="com.example.tests.UntitledTestCase">
        <test-method is-config="true" signature="setUp()[pri:0, instance:com.example.tests.UntitledTestCase@78047b92]" started-at="2020-04-28T17:18:12Z" name="setUp" finished-at="2020-04-28T17:18:19Z" duration-ms="6671" status="PASS">
          <reporter-output>
          </reporter-output>
        </test-method> <!-- setUp -->
        <test-method signature="testUntitledTestCase()[pri:0, instance:com.example.tests.UntitledTestCase@78047b92]" started-at="2020-04-28T17:18:19Z" name="testUntitledTestCase" finished-at="2020-04-28T17:18:29Z" duration-ms="9963" status="PASS">
          <reporter-output>
          </reporter-output>
        </test-method> <!-- testUntitledTestCase -->
        <test-method is-config="true" signature="tearDown()[pri:0, instance:com.example.tests.UntitledTestCase@78047b92]" started-at="2020-04-28T17:18:29Z" name="tearDown" finished-at="2020-04-28T17:18:30Z" duration-ms="799" status="PASS">
          <reporter-output>
          </reporter-output>
        </test-method> <!-- tearDown -->
      </class> <!-- com.example.tests.UntitledTestCase -->
    </test> <!-- example.tests -->
    <test started-at="2020-04-28T17:18:30Z" name="testng" finished-at="2020-04-28T17:18:42Z" duration-ms="12889">
      <class name="com.in28minutes.test.testng.FirstSeleniumTestNGTest">
        <test-method is-config="true" signature="before()[pri:0, instance:com.in28minutes.test.testng.FirstSeleniumTestNGTest@38c5cc4c]" started-at="2020-04-28T17:18:30Z" name="before" finished-at="2020-04-28T17:18:34Z" duration-ms="4509" status="PASS">
          <reporter-output>
          </reporter-output>
        </test-method> <!-- before -->
        <test-method signature="testFacebookDotCom()[pri:0, instance:com.in28minutes.test.testng.FirstSeleniumTestNGTest@38c5cc4c]" started-at="2020-04-28T17:18:34Z" name="testFacebookDotCom" finished-at="2020-04-28T17:18:42Z" duration-ms="7485" status="FAIL">
          <exception class="java.lang.AssertionError">
            <message>
              <![CDATA[expected [Google] but found [Facebook – log in or sign up]]]>
            </message>
            <full-stacktrace>
              <![CDATA[java.lang.AssertionError: expected [Google] but found [Facebook – log in or sign up]
at org.testng.Assert.fail(Assert.java:96)
at org.testng.Assert.failNotEquals(Assert.java:776)
at org.testng.Assert.assertEqualsImpl(Assert.java:137)
at org.testng.Assert.assertEquals(Assert.java:118)
at org.testng.Assert.assertEquals(Assert.java:453)
at org.testng.Assert.assertEquals(Assert.java:463)
at com.in28minutes.test.testng.FirstSeleniumTestNGTest.testFacebookDotCom(FirstSeleniumTestNGTest.java:49)
at java.base/jdk.internal.reflect.NativeMethodAccessorImpl.invoke0(Native Method)
at java.base/jdk.internal.reflect.NativeMethodAccessorImpl.invoke(NativeMethodAccessorImpl.java:62)
at java.base/jdk.internal.reflect.DelegatingMethodAccessorImpl.invoke(DelegatingMethodAccessorImpl.java:43)
at java.base/java.lang.reflect.Method.invoke(Method.java:564)
at org.testng.internal.MethodInvocationHelper.invokeMethod(MethodInvocationHelper.java:124)
at org.testng.internal.Invoker.invokeMethod(Invoker.java:583)
at org.testng.internal.Invoker.invokeTestMethod(Invoker.java:719)
at org.testng.internal.Invoker.invokeTestMethods(Invoker.java:989)
at org.testng.internal.TestMethodWorker.invokeTestMethods(TestMethodWorker.java:125)
at org.testng.internal.TestMethodWorker.run(TestMethodWorker.java:109)
at java.base/java.util.concurrent.ThreadPoolExecutor.runWorker(ThreadPoolExecutor.java:1130)
at java.base/java.util.concurrent.ThreadPoolExecutor$Worker.run(ThreadPoolExecutor.java:630)
at java.base/java.lang.Thread.run(Thread.java:832)
]]>
            </full-stacktrace>
          </exception> <!-- java.lang.AssertionError -->
          <reporter-output>
          </reporter-output>
        </test-method> <!-- testFacebookDotCom -->
        <test-method signature="testGoogleDotCom()[pri:0, instance:com.in28minutes.test.testng.FirstSeleniumTestNGTest@38c5cc4c]" started-at="2020-04-28T17:18:34Z" name="testGoogleDotCom" finished-at="2020-04-28T17:18:42Z" duration-ms="7495" status="PASS">
          <reporter-output>
          </reporter-output>
        </test-method> <!-- testGoogleDotCom -->
        <test-method is-config="true" signature="after()[pri:0, instance:com.in28minutes.test.testng.FirstSeleniumTestNGTest@38c5cc4c]" started-at="2020-04-28T17:18:42Z" name="after" finished-at="2020-04-28T17:18:42Z" duration-ms="872" status="PASS">
          <reporter-output>
          </reporter-output>
        </test-method> <!-- after -->
      </class> <!-- com.in28minutes.test.testng.FirstSeleniumTestNGTest -->
      <class name="com.in28minutes.test.testng.MultipleBrowserTest">
        <test-method signature="runInBrowser(java.lang.String)[pri:0, instance:com.in28minutes.test.testng.MultipleBrowserTest@37918c79]" started-at="2020-04-28T17:18:34Z" name="runInBrowser" finished-at="2020-04-28T17:18:34Z" duration-ms="0" status="FAIL">
          <exception class="org.testng.TestNGException">
            <message>
              <![CDATA[
Parameter 'browser' is required by @Test on method runInBrowser but has not been marked @Optional or defined
in C:\Users\tkhan\Desktop\Manual FOTA\testng-selenium-automation-tests\testng.xml]]>
            </message>
            <full-stacktrace>
              <![CDATA[org.testng.TestNGException: 
Parameter 'browser' is required by @Test on method runInBrowser but has not been marked @Optional or defined
in C:\Users\tkhan\Desktop\Manual FOTA\testng-selenium-automation-tests\testng.xml
at org.testng.internal.Parameters.createParams(Parameters.java:290)
at org.testng.internal.Parameters.createParametersForMethod(Parameters.java:359)
at org.testng.internal.Parameters.createParameters(Parameters.java:620)
at org.testng.internal.Parameters.handleParameters(Parameters.java:769)
at org.testng.internal.ParameterHandler.handleParameters(ParameterHandler.java:49)
at org.testng.internal.ParameterHandler.createParameters(ParameterHandler.java:37)
at org.testng.internal.Invoker.invokeTestMethods(Invoker.java:924)
at org.testng.internal.TestMethodWorker.invokeTestMethods(TestMethodWorker.java:125)
at org.testng.internal.TestMethodWorker.run(TestMethodWorker.java:109)
at java.base/java.util.concurrent.ThreadPoolExecutor.runWorker(ThreadPoolExecutor.java:1130)
at java.base/java.util.concurrent.ThreadPoolExecutor$Worker.run(ThreadPoolExecutor.java:630)
at java.base/java.lang.Thread.run(Thread.java:832)
]]>
            </full-stacktrace>
          </exception> <!-- org.testng.TestNGException -->
          <reporter-output>
          </reporter-output>
        </test-method> <!-- runInBrowser -->
      </class> <!-- com.in28minutes.test.testng.MultipleBrowserTest -->
    </test> <!-- testng -->
    <test started-at="2020-04-28T17:18:43Z" name="ChromeSpecificTests" finished-at="2020-04-28T17:18:43Z" duration-ms="11">
      <class name="com.in28minutes.test.testng.MultipleBrowserTest">
        <test-method signature="runInBrowser(java.lang.String)[pri:0, instance:com.in28minutes.test.testng.MultipleBrowserTest@222114ba]" started-at="2020-04-28T17:18:43Z" name="runInBrowser" finished-at="2020-04-28T17:18:43Z" duration-ms="2" status="PASS">
          <params>
            <param index="0">
              <value>
                <![CDATA[Chrome]]>
              </value>
            </param>
          </params>
          <reporter-output>
          </reporter-output>
        </test-method> <!-- runInBrowser -->
      </class> <!-- com.in28minutes.test.testng.MultipleBrowserTest -->
    </test> <!-- ChromeSpecificTests -->
    <test started-at="2020-04-28T17:18:43Z" name="FirefoxSpecificTests" finished-at="2020-04-28T17:18:43Z" duration-ms="6">
      <class name="com.in28minutes.test.testng.MultipleBrowserTest">
        <test-method signature="runInBrowser(java.lang.String)[pri:0, instance:com.in28minutes.test.testng.MultipleBrowserTest@12d4bf7e]" started-at="2020-04-28T17:18:43Z" name="runInBrowser" finished-at="2020-04-28T17:18:43Z" duration-ms="2" status="PASS">
          <params>
            <param index="0">
              <value>
                <![CDATA[Firefox]]>
              </value>
            </param>
          </params>
          <reporter-output>
          </reporter-output>
        </test-method> <!-- runInBrowser -->
      </class> <!-- com.in28minutes.test.testng.MultipleBrowserTest -->
    </test> <!-- FirefoxSpecificTests -->
  </suite> <!-- First Suite -->
</testng-results>
