<?xml version="1.0" encoding="UTF-8"?>
<!-- Generated by org.testng.reporters.JUnitXMLReporter -->
<testsuite ignored="0" hostname="HIGURL71125" failures="2" tests="3" name="testng" time="12.889" errors="0" timestamp="28 Apr 2020 17:18:42 GMT">
  <testcase classname="com.in28minutes.test.testng.MultipleBrowserTest" name="runInBrowser" time="0.0">
    <failure type="org.testng.TestNGException" message="
Parameter &amp;apos;browser&amp;apos; is required by @Test on method runInBrowser but has not been marked @Optional or defined
in C:\Users\tkhan\Desktop\Manual FOTA\testng-selenium-automation-tests\testng.xml">
      <![CDATA[org.testng.TestNGException: 
Parameter 'browser' is required by @Test on method runInBrowser but has not been marked @Optional or defined
in C:\Users\tkhan\Desktop\Manual FOTA\testng-selenium-automation-tests\testng.xml
at java.base/java.util.concurrent.ThreadPoolExecutor.runWorker(ThreadPoolExecutor.java:1130)
at java.base/java.util.concurrent.ThreadPoolExecutor$Worker.run(ThreadPoolExecutor.java:630)
at java.base/java.lang.Thread.run(Thread.java:832)
... Removed 9 stack frames]]>
    </failure>
  </testcase> <!-- runInBrowser -->
  <testcase classname="com.in28minutes.test.testng.FirstSeleniumTestNGTest" name="testFacebookDotCom" time="7.485">
    <failure type="java.lang.AssertionError" message="expected [Google] but found [Facebook – log in or sign up]">
      <![CDATA[java.lang.AssertionError: expected [Google] but found [Facebook – log in or sign up]
at com.in28minutes.test.testng.FirstSeleniumTestNGTest.testFacebookDotCom(FirstSeleniumTestNGTest.java:49)
at java.base/java.util.concurrent.ThreadPoolExecutor.runWorker(ThreadPoolExecutor.java:1130)
at java.base/java.util.concurrent.ThreadPoolExecutor$Worker.run(ThreadPoolExecutor.java:630)
at java.base/java.lang.Thread.run(Thread.java:832)
... Removed 16 stack frames]]>
    </failure>
  </testcase> <!-- testFacebookDotCom -->
  <testcase classname="com.in28minutes.test.testng.FirstSeleniumTestNGTest" name="testGoogleDotCom" time="7.495"/>
</testsuite> <!-- testng -->
