<?xml version="1.0" encoding="UTF-8"?>
<!-- Generated by org.testng.reporters.JUnitReportReporter -->
<testsuite hostname="HIGURL71125" failures="0" tests="3" name="com.in28minutes.test.testng.MultipleBrowserTest" time="0.004" errors="1" timestamp="28 Apr 2020 17:18:43 GMT" skipped="0">
  <testcase classname="com.in28minutes.test.testng.MultipleBrowserTest" name="runInBrowser" time="0.002"/>
  <testcase classname="com.in28minutes.test.testng.MultipleBrowserTest" name="runInBrowser" time="0.000">
    <error message="
Parameter &#039;browser&#039; is required by @Test on method runInBrowser but has not been marked @Optional or defined
in C:\Users\tkhan\Desktop\Manual FOTA\testng-selenium-automation-tests\testng.xml" type="org.testng.TestNGException">
      <![CDATA[org.testng.TestNGException: 
Parameter 'browser' is required by @Test on method runInBrowser but has not been marked @Optional or defined
in C:\Users\tkhan\Desktop\Manual FOTA\testng-selenium-automation-tests\testng.xml
at org.testng.internal.Parameters.createParams(Parameters.java:290)
at org.testng.internal.Parameters.createParametersForMethod(Parameters.java:359)
at org.testng.internal.Parameters.createParameters(Parameters.java:620)
at org.testng.internal.Parameters.handleParameters(Parameters.java:769)
at org.testng.internal.ParameterHandler.handleParameters(ParameterHandler.java:49)
at org.testng.internal.ParameterHandler.createParameters(ParameterHandler.java:37)
at org.testng.internal.Invoker.invokeTestMethods(Invoker.java:924)
at org.testng.internal.TestMethodWorker.invokeTestMethods(TestMethodWorker.java:125)
at org.testng.internal.TestMethodWorker.run(TestMethodWorker.java:109)
at java.base/java.util.concurrent.ThreadPoolExecutor.runWorker(ThreadPoolExecutor.java:1130)
at java.base/java.util.concurrent.ThreadPoolExecutor$Worker.run(ThreadPoolExecutor.java:630)
at java.base/java.lang.Thread.run(Thread.java:832)
]]>
    </error>
  </testcase> <!-- runInBrowser -->
  <testcase classname="com.in28minutes.test.testng.MultipleBrowserTest" name="runInBrowser" time="0.002"/>
</testsuite> <!-- com.in28minutes.test.testng.MultipleBrowserTest -->
